9:28:19[-][-]启动程序，创建日志[-][-]Null
9:28:42[-]Admin[-]登陆尝试3后登陆成功[-][-]Login
9:28:42[-]登陆[-]取消登陆，保存日志文件[-][-]Login
9:29:01[-]Admin[-]合闸预制[-][-]Telecontrol
9:29:02[-]Admin[-]合闸预制[-][-]Telecontrol
9:29:02[-]Admin[-]合闸预制[-][-]Telecontrol
9:29:03[-]Admin[-]合闸预制[-][-]Telecontrol
9:29:03[-]Admin[-]合闸预制[-][-]Telecontrol
9:29:03[-]Admin[-]合闸预制[-][-]Telecontrol
9:29:03[-]Admin[-]合闸预制[-][-]Telecontrol
9:29:03[-]Admin[-]合闸预制[-][-]Telecontrol
9:29:04[-]Admin[-]合闸预制[-][-]Telecontrol
9:29:04[-]Admin[-]合闸预制[-][-]Telecontrol
9:29:04[-]Admin[-]合闸预制[-][-]Telecontrol
9:29:04[-]Admin[-]合闸预制[-][-]Telecontrol
9:29:05[-]Admin[-]分闸预制[-][-]Telecontrol
9:29:05[-]Admin[-]分闸预制[-][-]Telecontrol
9:29:06[-]Admin[-]分闸预制[-][-]Telecontrol
9:29:06[-]Admin[-]分闸预制[-][-]Telecontrol
9:29:06[-]Admin[-]分闸预制[-][-]Telecontrol
9:29:06[-]Admin[-]分闸预制[-][-]Telecontrol
9:29:09[-]Admin[-]电池活化预制[-][-]Telecontrol
9:29:10[-]Admin[-]电池活化执行[-][-]Telecontrol
9:29:10[-]Admin[-]电池活化执行[-][-]Telecontrol
9:29:11[-]Admin[-]电池活化预制[-][-]Telecontrol
9:29:11[-]Admin[-]分闸预制[-][-]Telecontrol
9:29:11[-]Admin[-]分闸预制[-][-]Telecontrol
9:29:11[-]Admin[-]分闸预制[-][-]Telecontrol
9:29:12[-]Admin[-]合闸预制[-][-]Telecontrol
9:29:12[-]Admin[-]合闸预制[-][-]Telecontrol
9:29:12[-]Admin[-]合闸预制[-][-]Telecontrol
9:29:12[-]Admin[-]合闸预制[-][-]Telecontrol
9:29:13[-]Admin[-]分闸预制[-][-]Telecontrol
9:29:13[-]Admin[-]分闸预制[-][-]Telecontrol
9:29:13[-]Admin[-]合闸预制[-][-]Telecontrol
9:29:13[-]Admin[-]合闸预制[-][-]Telecontrol
9:29:14[-]Admin[-]分闸预制[-][-]Telecontrol
9:29:14[-]Admin[-]分闸预制[-][-]Telecontrol
9:29:14[-]Admin[-]合闸预制[-][-]Telecontrol
9:29:14[-]Admin[-]合闸预制[-][-]Telecontrol
9:29:15[-]Admin[-]分闸预制[-][-]Telecontrol
9:29:15[-]Admin[-]分闸预制[-][-]Telecontrol
